{"level":"info","message":"POST /api/v1/auth/register 201 42.886 ms 173","service":"payment-gateway-backend","timestamp":"2026-07-15T04:57:26.063Z"}
{"level":"error","message":"API error Email is already registered","requestId":"REQ-000002","service":"payment-gateway-backend","stack":"Error: Email is already registered\n    at authService.register (D:\\Workspace\\professional\\Interview_Tasks\\Orfus\\Payment-Gateway\\backend\\tests\\auth.test.js:34:19)\n    at register (D:\\Workspace\\professional\\Interview_Tasks\\Orfus\\Payment-Gateway\\backend\\src\\controllers\\authController.js:6:36)\n    at Layer.handle [as handle_request] (D:\\Workspace\\professional\\Interview_Tasks\\Orfus\\Payment-Gateway\\backend\\node_modules\\express\\lib\\router\\layer.js:95:5)\n    at next (D:\\Workspace\\professional\\Interview_Tasks\\Orfus\\Payment-Gateway\\backend\\node_modules\\express\\lib\\router\\route.js:149:13)\n    at validate (D:\\Workspace\\professional\\Interview_Tasks\\Orfus\\Payment-Gateway\\backend\\src\\middlewares\\validationMiddleware.js:8:12)\n    at Layer.handle [as handle_request] (D:\\Workspace\\professional\\Interview_Tasks\\Orfus\\Payment-Gateway\\backend\\node_modules\\express\\lib\\router\\layer.js:95:5)\n    at next (D:\\Workspace\\professional\\Interview_Tasks\\Orfus\\Payment-Gateway\\backend\\node_modules\\express\\lib\\router\\route.js:149:13)\n    at middleware (D:\\Workspace\\professional\\Interview_Tasks\\Orfus\\Payment-Gateway\\backend\\node_modules\\express-validator\\lib\\middlewares\\check.js:16:13)\n    at process.processTicksAndRejections (node:internal/process/task_queues:104:5)","statusCode":409,"timestamp":"2026-07-15T04:57:26.097Z"}
{"level":"info","message":"POST /api/v1/auth/register 409 7.485 ms 111","service":"payment-gateway-backend","timestamp":"2026-07-15T04:57:26.100Z"}
{"level":"info","message":"POST /api/v1/auth/login 200 2.308 ms 161","service":"payment-gateway-backend","timestamp":"2026-07-15T04:57:26.120Z"}
{"level":"error","message":"API error Invalid email or password","requestId":"REQ-000004","service":"payment-gateway-backend","stack":"Error: Invalid email or password\n    at authService.login (D:\\Workspace\\professional\\Interview_Tasks\\Orfus\\Payment-Gateway\\backend\\tests\\auth.test.js:60:19)\n    at login (D:\\Workspace\\professional\\Interview_Tasks\\Orfus\\Payment-Gateway\\backend\\src\\controllers\\authController.js:15:36)\n    at Layer.handle [as handle_request] (D:\\Workspace\\professional\\Interview_Tasks\\Orfus\\Payment-Gateway\\backend\\node_modules\\express\\lib\\router\\layer.js:95:5)\n    at next (D:\\Workspace\\professional\\Interview_Tasks\\Orfus\\Payment-Gateway\\backend\\node_modules\\express\\lib\\router\\route.js:149:13)\n    at validate (D:\\Workspace\\professional\\Interview_Tasks\\Orfus\\Payment-Gateway\\backend\\src\\middlewares\\validationMiddleware.js:8:12)\n    at Layer.handle [as handle_request] (D:\\Workspace\\professional\\Interview_Tasks\\Orfus\\Payment-Gateway\\backend\\node_modules\\express\\lib\\router\\layer.js:95:5)\n    at next (D:\\Workspace\\professional\\Interview_Tasks\\Orfus\\Payment-Gateway\\backend\\node_modules\\express\\lib\\router\\route.js:149:13)\n    at middleware (D:\\Workspace\\professional\\Interview_Tasks\\Orfus\\Payment-Gateway\\backend\\node_modules\\express-validator\\lib\\middlewares\\check.js:16:13)\n    at process.processTicksAndRejections (node:internal/process/task_queues:104:5)","statusCode":401,"timestamp":"2026-07-15T04:57:26.139Z"}
{"level":"info","message":"POST /api/v1/auth/login 401 4.199 ms 109","service":"payment-gateway-backend","timestamp":"2026-07-15T04:57:26.141Z"}
{"level":"error","message":"API error User account is inactive","requestId":"REQ-000005","service":"payment-gateway-backend","stack":"Error: User account is inactive\n    at authService.login (D:\\Workspace\\professional\\Interview_Tasks\\Orfus\\Payment-Gateway\\backend\\tests\\auth.test.js:74:19)\n    at login (D:\\Workspace\\professional\\Interview_Tasks\\Orfus\\Payment-Gateway\\backend\\src\\controllers\\authController.js:15:36)\n    at Layer.handle [as handle_request] (D:\\Workspace\\professional\\Interview_Tasks\\Orfus\\Payment-Gateway\\backend\\node_modules\\express\\lib\\router\\layer.js:95:5)\n    at next (D:\\Workspace\\professional\\Interview_Tasks\\Orfus\\Payment-Gateway\\backend\\node_modules\\express\\lib\\router\\route.js:149:13)\n    at validate (D:\\Workspace\\professional\\Interview_Tasks\\Orfus\\Payment-Gateway\\backend\\src\\middlewares\\validationMiddleware.js:8:12)\n    at Layer.handle [as handle_request] (D:\\Workspace\\professional\\Interview_Tasks\\Orfus\\Payment-Gateway\\backend\\node_modules\\express\\lib\\router\\layer.js:95:5)\n    at next (D:\\Workspace\\professional\\Interview_Tasks\\Orfus\\Payment-Gateway\\backend\\node_modules\\express\\lib\\router\\route.js:149:13)\n    at middleware (D:\\Workspace\\professional\\Interview_Tasks\\Orfus\\Payment-Gateway\\backend\\node_modules\\express-validator\\lib\\middlewares\\check.js:16:13)\n    at process.processTicksAndRejections (node:internal/process/task_queues:104:5)","statusCode":403,"timestamp":"2026-07-15T04:57:26.157Z"}
{"level":"info","message":"POST /api/v1/auth/login 403 4.352 ms 108","service":"payment-gateway-backend","timestamp":"2026-07-15T04:57:26.159Z"}
{"level":"error","message":"API error Authentication token is required","requestId":"REQ-000006","service":"payment-gateway-backend","stack":"Error: Authentication token is required\n    at authenticate (D:\\Workspace\\professional\\Interview_Tasks\\Orfus\\Payment-Gateway\\backend\\src\\middlewares\\authMiddleware.js:9:13)\n    at Layer.handle [as handle_request] (D:\\Workspace\\professional\\Interview_Tasks\\Orfus\\Payment-Gateway\\backend\\node_modules\\express\\lib\\router\\layer.js:95:5)\n    at next (D:\\Workspace\\professional\\Interview_Tasks\\Orfus\\Payment-Gateway\\backend\\node_modules\\express\\lib\\router\\route.js:149:13)\n    at Route.dispatch (D:\\Workspace\\professional\\Interview_Tasks\\Orfus\\Payment-Gateway\\backend\\node_modules\\express\\lib\\router\\route.js:119:3)\n    at Layer.handle [as handle_request] (D:\\Workspace\\professional\\Interview_Tasks\\Orfus\\Payment-Gateway\\backend\\node_modules\\express\\lib\\router\\layer.js:95:5)\n    at D:\\Workspace\\professional\\Interview_Tasks\\Orfus\\Payment-Gateway\\backend\\node_modules\\express\\lib\\router\\index.js:284:15\n    at router.process_params (D:\\Workspace\\professional\\Interview_Tasks\\Orfus\\Payment-Gateway\\backend\\node_modules\\express\\lib\\router\\index.js:346:12)\n    at next (D:\\Workspace\\professional\\Interview_Tasks\\Orfus\\Payment-Gateway\\backend\\node_modules\\express\\lib\\router\\index.js:280:10)\n    at router.handle (D:\\Workspace\\professional\\Interview_Tasks\\Orfus\\Payment-Gateway\\backend\\node_modules\\express\\lib\\router\\index.js:175:3)\n    at router (D:\\Workspace\\professional\\Interview_Tasks\\Orfus\\Payment-Gateway\\backend\\node_modules\\express\\lib\\router\\index.js:47:12)","statusCode":401,"timestamp":"2026-07-15T04:57:26.175Z"}
{"level":"info","message":"GET /api/v1/auth/profile 401 3.143 ms 116","service":"payment-gateway-backend","timestamp":"2026-07-15T04:57:26.178Z"}
{"level":"info","message":"GET /api/v1/auth/profile 200 4.064 ms 153","service":"payment-gateway-backend","timestamp":"2026-07-15T04:57:26.205Z"}
{"level":"info","message":"GET /api/v1/health 200 0.862 ms 182","service":"payment-gateway-backend","timestamp":"2026-07-15T04:57:26.218Z"}
{"level":"warn","message":"Authorization failed","requiredRoles":["Admin"],"role":"Customer","service":"payment-gateway-backend","timestamp":"2026-07-15T04:57:26.222Z","userId":2}
{"level":"info","message":"Razorpay webhook foundation accessed","rawBodyBytes":28,"requestId":"REQ-000009","service":"payment-gateway-backend","signaturePresent":false,"timestamp":"2026-07-15T04:57:26.238Z"}
{"level":"info","message":"POST /api/v1/webhooks/razorpay 200 2.833 ms 187","service":"payment-gateway-backend","timestamp":"2026-07-15T04:57:26.241Z"}
{"level":"info","message":"Database connection established","service":"payment-gateway-backend","timestamp":"2026-07-15T04:57:49.593Z"}
{"level":"info","message":"Backend listening on port 5000","service":"payment-gateway-backend","timestamp":"2026-07-15T04:57:49.603Z"}
{"level":"info","message":"GET /api/v1/health 200 118.241 ms 182","service":"payment-gateway-backend","timestamp":"2026-07-15T04:58:15.926Z"}
{"level":"error","message":"API error Route not found: /favicon.ico","requestId":"REQ-000002","service":"payment-gateway-backend","stack":"Error: Route not found: /favicon.ico\n    at notFound (D:\\Workspace\\professional\\Interview_Tasks\\Orfus\\Payment-Gateway\\backend\\src\\middlewares\\errorMiddleware.js:8:8)\n    at Layer.handle [as handle_request] (D:\\Workspace\\professional\\Interview_Tasks\\Orfus\\Payment-Gateway\\backend\\node_modules\\express\\lib\\router\\layer.js:95:5)\n    at trim_prefix (D:\\Workspace\\professional\\Interview_Tasks\\Orfus\\Payment-Gateway\\backend\\node_modules\\express\\lib\\router\\index.js:328:13)\n    at D:\\Workspace\\professional\\Interview_Tasks\\Orfus\\Payment-Gateway\\backend\\node_modules\\express\\lib\\router\\index.js:286:9\n    at router.process_params (D:\\Workspace\\professional\\Interview_Tasks\\Orfus\\Payment-Gateway\\backend\\node_modules\\express\\lib\\router\\index.js:346:12)\n    at next (D:\\Workspace\\professional\\Interview_Tasks\\Orfus\\Payment-Gateway\\backend\\node_modules\\express\\lib\\router\\index.js:280:10)\n    at urlencodedParser (D:\\Workspace\\professional\\Interview_Tasks\\Orfus\\Payment-Gateway\\backend\\node_modules\\body-parser\\lib\\types\\urlencoded.js:95:7)\n    at Layer.handle [as handle_request] (D:\\Workspace\\professional\\Interview_Tasks\\Orfus\\Payment-Gateway\\backend\\node_modules\\express\\lib\\router\\layer.js:95:5)\n    at trim_prefix (D:\\Workspace\\professional\\Interview_Tasks\\Orfus\\Payment-Gateway\\backend\\node_modules\\express\\lib\\router\\index.js:328:13)\n    at D:\\Workspace\\professional\\Interview_Tasks\\Orfus\\Payment-Gateway\\backend\\node_modules\\express\\lib\\router\\index.js:286:9","statusCode":404,"timestamp":"2026-07-15T04:58:18.509Z"}
{"level":"info","message":"GET /favicon.ico 404 4.890 ms 113","service":"payment-gateway-backend","timestamp":"2026-07-15T04:58:18.513Z"}
{"level":"info","message":"GET /api-docs/ 304 19.926 ms -","service":"payment-gateway-backend","timestamp":"2026-07-15T04:58:23.338Z"}
{"level":"info","message":"GET /api-docs/swagger-ui.css 200 13.787 ms 178977","service":"payment-gateway-backend","timestamp":"2026-07-15T04:58:23.483Z"}
{"level":"info","message":"GET /api-docs/swagger-ui-standalone-preset.js 200 8.451 ms 256694","service":"payment-gateway-backend","timestamp":"2026-07-15T04:58:23.504Z"}
{"level":"info","message":"GET /api-docs/swagger-ui-bundle.js 200 8.671 ms 1537593","service":"payment-gateway-backend","timestamp":"2026-07-15T04:58:23.535Z"}
{"level":"info","message":"GET /api-docs/swagger-ui-init.js 200 0.786 ms 7554","service":"payment-gateway-backend","timestamp":"2026-07-15T04:58:23.603Z"}
{"level":"info","message":"GET /api/v1/health 200 159.000 ms 182","service":"payment-gateway-backend","timestamp":"2026-07-15T04:58:45.077Z"}
{"email":"localtest@example.com","level":"info","message":"User registered","service":"payment-gateway-backend","timestamp":"2026-07-15T04:59:08.384Z","userId":"2"}
{"level":"info","message":"POST /api/v1/auth/register 201 1090.042 ms 474","service":"payment-gateway-backend","timestamp":"2026-07-15T04:59:08.387Z"}
{"email":"localtest@example.com","level":"info","message":"User logged in","service":"payment-gateway-backend","timestamp":"2026-07-15T04:59:53.083Z","userId":"2"}
{"level":"info","message":"POST /api/v1/auth/login 200 1054.350 ms 685","service":"payment-gateway-backend","timestamp":"2026-07-15T04:59:53.086Z"}
{"level":"info","message":"GET /api-docs/ 304 4.877 ms -","service":"payment-gateway-backend","timestamp":"2026-07-15T05:00:26.394Z"}
{"level":"info","message":"GET /api-docs/swagger-ui.css 304 1.523 ms -","service":"payment-gateway-backend","timestamp":"2026-07-15T05:00:26.685Z"}
{"level":"info","message":"GET /api-docs/swagger-ui-standalone-preset.js 304 5.137 ms -","service":"payment-gateway-backend","timestamp":"2026-07-15T05:00:26.693Z"}
{"level":"info","message":"GET /api-docs/swagger-ui-bundle.js 304 6.910 ms -","service":"payment-gateway-backend","timestamp":"2026-07-15T05:00:26.696Z"}
{"level":"info","message":"GET /api-docs/swagger-ui-init.js 304 0.576 ms -","service":"payment-gateway-backend","timestamp":"2026-07-15T05:00:26.721Z"}
{"email":"localtest@example.com","level":"info","message":"User logged in","service":"payment-gateway-backend","timestamp":"2026-07-15T05:01:04.408Z","userId":"2"}
{"level":"info","message":"POST /api/v1/auth/login 200 1043.638 ms 685","service":"payment-gateway-backend","timestamp":"2026-07-15T05:01:04.411Z"}
{"level":"info","message":"GET /api/v1/auth/profile 200 131.147 ms 474","service":"payment-gateway-backend","timestamp":"2026-07-15T05:01:56.073Z"}
{"level":"info","message":"Database connection established","service":"payment-gateway-backend","timestamp":"2026-07-15T05:02:36.271Z"}
{"level":"info","message":"Backend listening on port 5000","service":"payment-gateway-backend","timestamp":"2026-07-15T05:02:36.293Z"}
{"level":"info","message":"Database connection established","service":"payment-gateway-backend","timestamp":"2026-07-15T05:02:55.891Z"}
{"level":"info","message":"Backend listening on port 5000","service":"payment-gateway-backend","timestamp":"2026-07-15T05:02:55.904Z"}
{"level":"error","message":"API error Invalid or expired token","requestId":"REQ-000001","service":"payment-gateway-backend","stack":"Error: Invalid or expired token\n    at authenticate (D:\\Workspace\\professional\\Interview_Tasks\\Orfus\\Payment-Gateway\\backend\\src\\middlewares\\authMiddleware.js:26:19)\n    at Layer.handle [as handle_request] (D:\\Workspace\\professional\\Interview_Tasks\\Orfus\\Payment-Gateway\\backend\\node_modules\\express\\lib\\router\\layer.js:95:5)\n    at next (D:\\Workspace\\professional\\Interview_Tasks\\Orfus\\Payment-Gateway\\backend\\node_modules\\express\\lib\\router\\route.js:149:13)\n    at Route.dispatch (D:\\Workspace\\professional\\Interview_Tasks\\Orfus\\Payment-Gateway\\backend\\node_modules\\express\\lib\\router\\route.js:119:3)\n    at Layer.handle [as handle_request] (D:\\Workspace\\professional\\Interview_Tasks\\Orfus\\Payment-Gateway\\backend\\node_modules\\express\\lib\\router\\layer.js:95:5)\n    at D:\\Workspace\\professional\\Interview_Tasks\\Orfus\\Payment-Gateway\\backend\\node_modules\\express\\lib\\router\\index.js:284:15\n    at router.process_params (D:\\Workspace\\professional\\Interview_Tasks\\Orfus\\Payment-Gateway\\backend\\node_modules\\express\\lib\\router\\index.js:346:12)\n    at next (D:\\Workspace\\professional\\Interview_Tasks\\Orfus\\Payment-Gateway\\backend\\node_modules\\express\\lib\\router\\index.js:280:10)\n    at router.handle (D:\\Workspace\\professional\\Interview_Tasks\\Orfus\\Payment-Gateway\\backend\\node_modules\\express\\lib\\router\\index.js:175:3)\n    at router (D:\\Workspace\\professional\\Interview_Tasks\\Orfus\\Payment-Gateway\\backend\\node_modules\\express\\lib\\router\\index.js:47:12)","statusCode":401,"timestamp":"2026-07-15T05:05:37.674Z"}
{"level":"info","message":"POST /api/v1/auth/logout 401 18.103 ms 108","service":"payment-gateway-backend","timestamp":"2026-07-15T05:05:37.685Z"}
{"email":"admin@example.com","level":"info","message":"User logged in","service":"payment-gateway-backend","timestamp":"2026-07-15T05:06:38.217Z","userId":"1"}
{"level":"info","message":"POST /api/v1/auth/login 200 1202.171 ms 676","service":"payment-gateway-backend","timestamp":"2026-07-15T05:06:38.221Z"}
{"level":"info","message":"Database connection established","service":"payment-gateway-backend","timestamp":"2026-07-15T05:16:27.699Z"}
{"level":"info","message":"Backend listening on port 5000","service":"payment-gateway-backend","timestamp":"2026-07-15T05:16:27.710Z"}
{"level":"info","message":"Database connection established","service":"payment-gateway-backend","timestamp":"2026-07-15T05:18:53.219Z"}
{"level":"info","message":"Backend listening on port 5000","service":"payment-gateway-backend","timestamp":"2026-07-15T05:18:53.225Z"}
{"level":"info","message":"Database connection established","service":"payment-gateway-backend","timestamp":"2026-07-15T05:18:54.727Z"}
{"level":"info","message":"Backend listening on port 5000","service":"payment-gateway-backend","timestamp":"2026-07-15T05:18:54.734Z"}
{"level":"info","message":"Database connection established","service":"payment-gateway-backend","timestamp":"2026-07-15T05:18:56.210Z"}
{"level":"info","message":"Backend listening on port 5000","service":"payment-gateway-backend","timestamp":"2026-07-15T05:18:56.219Z"}
{"level":"info","message":"Database connection established","service":"payment-gateway-backend","timestamp":"2026-07-15T05:18:58.031Z"}
{"level":"info","message":"Backend listening on port 5000","service":"payment-gateway-backend","timestamp":"2026-07-15T05:18:58.041Z"}
{"level":"info","message":"Database connection established","service":"payment-gateway-backend","timestamp":"2026-07-15T05:18:59.598Z"}
{"level":"info","message":"Backend listening on port 5000","service":"payment-gateway-backend","timestamp":"2026-07-15T05:18:59.607Z"}
{"level":"info","message":"Database connection established","service":"payment-gateway-backend","timestamp":"2026-07-15T05:19:01.339Z"}
{"level":"info","message":"Backend listening on port 5000","service":"payment-gateway-backend","timestamp":"2026-07-15T05:19:01.346Z"}
{"level":"info","message":"Database connection established","service":"payment-gateway-backend","timestamp":"2026-07-15T05:19:03.201Z"}
{"level":"info","message":"Backend listening on port 5000","service":"payment-gateway-backend","timestamp":"2026-07-15T05:19:03.210Z"}
{"level":"info","message":"Database connection established","service":"payment-gateway-backend","timestamp":"2026-07-15T05:19:04.930Z"}
{"level":"info","message":"Backend listening on port 5000","service":"payment-gateway-backend","timestamp":"2026-07-15T05:19:04.941Z"}
{"level":"info","message":"Database connection established","service":"payment-gateway-backend","timestamp":"2026-07-15T05:19:06.547Z"}
{"level":"info","message":"Backend listening on port 5000","service":"payment-gateway-backend","timestamp":"2026-07-15T05:19:06.555Z"}
{"level":"info","message":"Database connection established","service":"payment-gateway-backend","timestamp":"2026-07-15T05:20:35.201Z"}
{"level":"info","message":"Backend listening on port 5000","service":"payment-gateway-backend","timestamp":"2026-07-15T05:20:35.212Z"}
{"level":"info","message":"Database connection established","service":"payment-gateway-backend","timestamp":"2026-07-15T05:20:37.037Z"}
{"level":"info","message":"Backend listening on port 5000","service":"payment-gateway-backend","timestamp":"2026-07-15T05:20:37.045Z"}
{"level":"info","message":"Database connection established","service":"payment-gateway-backend","timestamp":"2026-07-15T05:20:38.855Z"}
{"level":"info","message":"Backend listening on port 5000","service":"payment-gateway-backend","timestamp":"2026-07-15T05:20:38.865Z"}
{"level":"info","message":"Database connection established","service":"payment-gateway-backend","timestamp":"2026-07-15T05:20:40.475Z"}
{"level":"info","message":"Backend listening on port 5000","service":"payment-gateway-backend","timestamp":"2026-07-15T05:20:40.483Z"}
{"level":"info","message":"Database connection established","service":"payment-gateway-backend","timestamp":"2026-07-15T05:20:42.239Z"}
{"level":"info","message":"Backend listening on port 5000","service":"payment-gateway-backend","timestamp":"2026-07-15T05:20:42.247Z"}
{"level":"info","message":"Database connection established","service":"payment-gateway-backend","timestamp":"2026-07-15T05:20:43.978Z"}
{"level":"info","message":"Backend listening on port 5000","service":"payment-gateway-backend","timestamp":"2026-07-15T05:20:43.990Z"}
{"level":"info","message":"Database connection established","service":"payment-gateway-backend","timestamp":"2026-07-15T05:20:45.935Z"}
{"level":"info","message":"Backend listening on port 5000","service":"payment-gateway-backend","timestamp":"2026-07-15T05:20:45.946Z"}
{"level":"info","message":"Database connection established","service":"payment-gateway-backend","timestamp":"2026-07-15T05:20:47.757Z"}
{"level":"info","message":"Backend listening on port 5000","service":"payment-gateway-backend","timestamp":"2026-07-15T05:20:47.768Z"}
{"level":"info","message":"Database connection established","service":"payment-gateway-backend","timestamp":"2026-07-15T05:20:49.394Z"}
{"level":"info","message":"Backend listening on port 5000","service":"payment-gateway-backend","timestamp":"2026-07-15T05:20:49.405Z"}
{"level":"info","message":"Database connection established","service":"payment-gateway-backend","timestamp":"2026-07-15T05:21:09.547Z"}
{"level":"info","message":"Backend listening on port 5000","service":"payment-gateway-backend","timestamp":"2026-07-15T05:21:09.558Z"}
{"level":"info","message":"Database connection established","service":"payment-gateway-backend","timestamp":"2026-07-15T05:21:11.535Z"}
{"level":"info","message":"Backend listening on port 5000","service":"payment-gateway-backend","timestamp":"2026-07-15T05:21:11.546Z"}
{"level":"info","message":"Database connection established","service":"payment-gateway-backend","timestamp":"2026-07-15T05:21:26.601Z"}
{"level":"info","message":"Backend listening on port 5000","service":"payment-gateway-backend","timestamp":"2026-07-15T05:21:26.612Z"}
{"level":"info","message":"Database connection established","service":"payment-gateway-backend","timestamp":"2026-07-15T05:22:05.916Z"}
{"level":"info","message":"Backend listening on port 5000","service":"payment-gateway-backend","timestamp":"2026-07-15T05:22:05.925Z"}
{"level":"info","message":"Database connection established","service":"payment-gateway-backend","timestamp":"2026-07-15T05:28:56.458Z"}
{"email":"part2.regression.1784093339@example.com","level":"info","message":"User registered","service":"payment-gateway-backend","timestamp":"2026-07-15T05:29:00.603Z","userId":"4"}
{"level":"info","message":"POST /api/v1/auth/register 201 617.544 ms 663","service":"payment-gateway-backend","timestamp":"2026-07-15T05:29:00.610Z"}
{"email":"part2.regression.1784093339@example.com","level":"info","message":"User logged in","service":"payment-gateway-backend","timestamp":"2026-07-15T05:29:01.259Z","userId":"4"}
{"level":"info","message":"POST /api/v1/auth/login 200 579.554 ms 898","service":"payment-gateway-backend","timestamp":"2026-07-15T05:29:01.261Z"}
{"level":"info","message":"GET /api/v1/auth/profile 200 10.524 ms 663","service":"payment-gateway-backend","timestamp":"2026-07-15T05:29:01.396Z"}
{"level":"info","message":"Database connection established","service":"payment-gateway-backend","timestamp":"2026-07-15T05:29:19.420Z"}
{"email":"part2.regression.1784093362@example.com","level":"info","message":"User registered","service":"payment-gateway-backend","timestamp":"2026-07-15T05:29:23.173Z","userId":"5"}
{"level":"info","message":"POST /api/v1/auth/register 201 505.269 ms 663","service":"payment-gateway-backend","timestamp":"2026-07-15T05:29:23.174Z"}
{"email":"part2.regression.1784093362@example.com","level":"info","message":"User logged in","service":"payment-gateway-backend","timestamp":"2026-07-15T05:29:23.670Z","userId":"5"}
{"level":"info","message":"POST /api/v1/auth/login 200 447.279 ms 898","service":"payment-gateway-backend","timestamp":"2026-07-15T05:29:23.671Z"}
{"level":"info","message":"GET /api/v1/auth/profile 200 6.792 ms 663","service":"payment-gateway-backend","timestamp":"2026-07-15T05:29:23.769Z"}
{"level":"info","message":"POST /api/v1/auth/register 201 21.423 ms 173","service":"payment-gateway-backend","timestamp":"2026-07-15T05:34:26.594Z"}
{"level":"error","message":"API error Email is already registered","requestId":"REQ-000002","service":"payment-gateway-backend","stack":"Error: Email is already registered\n    at authService.register (D:\\Workspace\\professional\\Interview_Tasks\\Orfus\\Payment-Gateway\\backend\\tests\\auth.test.js:34:19)\n    at register (D:\\Workspace\\professional\\Interview_Tasks\\Orfus\\Payment-Gateway\\backend\\src\\controllers\\authController.js:6:36)\n    at Layer.handle [as handle_request] (D:\\Workspace\\professional\\Interview_Tasks\\Orfus\\Payment-Gateway\\backend\\node_modules\\express\\lib\\router\\layer.js:95:5)\n    at next (D:\\Workspace\\professional\\Interview_Tasks\\Orfus\\Payment-Gateway\\backend\\node_modules\\express\\lib\\router\\route.js:149:13)\n    at validate (D:\\Workspace\\professional\\Interview_Tasks\\Orfus\\Payment-Gateway\\backend\\src\\middlewares\\validationMiddleware.js:8:12)\n    at Layer.handle [as handle_request] (D:\\Workspace\\professional\\Interview_Tasks\\Orfus\\Payment-Gateway\\backend\\node_modules\\express\\lib\\router\\layer.js:95:5)\n    at next (D:\\Workspace\\professional\\Interview_Tasks\\Orfus\\Payment-Gateway\\backend\\node_modules\\express\\lib\\router\\route.js:149:13)\n    at middleware (D:\\Workspace\\professional\\Interview_Tasks\\Orfus\\Payment-Gateway\\backend\\node_modules\\express-validator\\lib\\middlewares\\check.js:16:13)\n    at process.processTicksAndRejections (node:internal/process/task_queues:104:5)","statusCode":409,"timestamp":"2026-07-15T05:34:26.612Z"}
{"level":"info","message":"POST /api/v1/auth/register 409 3.117 ms 111","service":"payment-gateway-backend","timestamp":"2026-07-15T05:34:26.613Z"}
{"level":"info","message":"POST /api/v1/auth/login 200 1.369 ms 161","service":"payment-gateway-backend","timestamp":"2026-07-15T05:34:26.623Z"}
{"level":"error","message":"API error Invalid email or password","requestId":"REQ-000004","service":"payment-gateway-backend","stack":"Error: Invalid email or password\n    at authService.login (D:\\Workspace\\professional\\Interview_Tasks\\Orfus\\Payment-Gateway\\backend\\tests\\auth.test.js:60:19)\n    at login (D:\\Workspace\\professional\\Interview_Tasks\\Orfus\\Payment-Gateway\\backend\\src\\controllers\\authController.js:15:36)\n    at Layer.handle [as handle_request] (D:\\Workspace\\professional\\Interview_Tasks\\Orfus\\Payment-Gateway\\backend\\node_modules\\express\\lib\\router\\layer.js:95:5)\n    at next (D:\\Workspace\\professional\\Interview_Tasks\\Orfus\\Payment-Gateway\\backend\\node_modules\\express\\lib\\router\\route.js:149:13)\n    at validate (D:\\Workspace\\professional\\Interview_Tasks\\Orfus\\Payment-Gateway\\backend\\src\\middlewares\\validationMiddleware.js:8:12)\n    at Layer.handle [as handle_request] (D:\\Workspace\\professional\\Interview_Tasks\\Orfus\\Payment-Gateway\\backend\\node_modules\\express\\lib\\router\\layer.js:95:5)\n    at next (D:\\Workspace\\professional\\Interview_Tasks\\Orfus\\Payment-Gateway\\backend\\node_modules\\express\\lib\\router\\route.js:149:13)\n    at middleware (D:\\Workspace\\professional\\Interview_Tasks\\Orfus\\Payment-Gateway\\backend\\node_modules\\express-validator\\lib\\middlewares\\check.js:16:13)\n    at process.processTicksAndRejections (node:internal/process/task_queues:104:5)","statusCode":401,"timestamp":"2026-07-15T05:34:26.629Z"}
{"level":"info","message":"POST /api/v1/auth/login 401 1.805 ms 109","service":"payment-gateway-backend","timestamp":"2026-07-15T05:34:26.630Z"}
{"level":"error","message":"API error User account is inactive","requestId":"REQ-000005","service":"payment-gateway-backend","stack":"Error: User account is inactive\n    at authService.login (D:\\Workspace\\professional\\Interview_Tasks\\Orfus\\Payment-Gateway\\backend\\tests\\auth.test.js:74:19)\n    at login (D:\\Workspace\\professional\\Interview_Tasks\\Orfus\\Payment-Gateway\\backend\\src\\controllers\\authController.js:15:36)\n    at Layer.handle [as handle_request] (D:\\Workspace\\professional\\Interview_Tasks\\Orfus\\Payment-Gateway\\backend\\node_modules\\express\\lib\\router\\layer.js:95:5)\n    at next (D:\\Workspace\\professional\\Interview_Tasks\\Orfus\\Payment-Gateway\\backend\\node_modules\\express\\lib\\router\\route.js:149:13)\n    at validate (D:\\Workspace\\professional\\Interview_Tasks\\Orfus\\Payment-Gateway\\backend\\src\\middlewares\\validationMiddleware.js:8:12)\n    at Layer.handle [as handle_request] (D:\\Workspace\\professional\\Interview_Tasks\\Orfus\\Payment-Gateway\\backend\\node_modules\\express\\lib\\router\\layer.js:95:5)\n    at next (D:\\Workspace\\professional\\Interview_Tasks\\Orfus\\Payment-Gateway\\backend\\node_modules\\express\\lib\\router\\route.js:149:13)\n    at middleware (D:\\Workspace\\professional\\Interview_Tasks\\Orfus\\Payment-Gateway\\backend\\node_modules\\express-validator\\lib\\middlewares\\check.js:16:13)\n    at process.processTicksAndRejections (node:internal/process/task_queues:104:5)","statusCode":403,"timestamp":"2026-07-15T05:34:26.639Z"}
{"level":"info","message":"POST /api/v1/auth/login 403 1.787 ms 108","service":"payment-gateway-backend","timestamp":"2026-07-15T05:34:26.640Z"}
{"level":"error","message":"API error Authentication token is required","requestId":"REQ-000006","service":"payment-gateway-backend","stack":"Error: Authentication token is required\n    at authenticate (D:\\Workspace\\professional\\Interview_Tasks\\Orfus\\Payment-Gateway\\backend\\src\\middlewares\\authMiddleware.js:9:13)\n    at Layer.handle [as handle_request] (D:\\Workspace\\professional\\Interview_Tasks\\Orfus\\Payment-Gateway\\backend\\node_modules\\express\\lib\\router\\layer.js:95:5)\n    at next (D:\\Workspace\\professional\\Interview_Tasks\\Orfus\\Payment-Gateway\\backend\\node_modules\\express\\lib\\router\\route.js:149:13)\n    at Route.dispatch (D:\\Workspace\\professional\\Interview_Tasks\\Orfus\\Payment-Gateway\\backend\\node_modules\\express\\lib\\router\\route.js:119:3)\n    at Layer.handle [as handle_request] (D:\\Workspace\\professional\\Interview_Tasks\\Orfus\\Payment-Gateway\\backend\\node_modules\\express\\lib\\router\\layer.js:95:5)\n    at D:\\Workspace\\professional\\Interview_Tasks\\Orfus\\Payment-Gateway\\backend\\node_modules\\express\\lib\\router\\index.js:284:15\n    at router.process_params (D:\\Workspace\\professional\\Interview_Tasks\\Orfus\\Payment-Gateway\\backend\\node_modules\\express\\lib\\router\\index.js:346:12)\n    at next (D:\\Workspace\\professional\\Interview_Tasks\\Orfus\\Payment-Gateway\\backend\\node_modules\\express\\lib\\router\\index.js:280:10)\n    at router.handle (D:\\Workspace\\professional\\Interview_Tasks\\Orfus\\Payment-Gateway\\backend\\node_modules\\express\\lib\\router\\index.js:175:3)\n    at router (D:\\Workspace\\professional\\Interview_Tasks\\Orfus\\Payment-Gateway\\backend\\node_modules\\express\\lib\\router\\index.js:47:12)","statusCode":401,"timestamp":"2026-07-15T05:34:26.646Z"}
{"level":"info","message":"GET /api/v1/auth/profile 401 1.085 ms 116","service":"payment-gateway-backend","timestamp":"2026-07-15T05:34:26.647Z"}
{"level":"info","message":"GET /api/v1/auth/profile 200 1.711 ms 153","service":"payment-gateway-backend","timestamp":"2026-07-15T05:34:26.658Z"}
{"level":"info","message":"GET /api/v1/health 200 0.427 ms 182","service":"payment-gateway-backend","timestamp":"2026-07-15T05:34:26.663Z"}
{"level":"warn","message":"Authorization failed","requiredRoles":["Admin"],"role":"Customer","service":"payment-gateway-backend","timestamp":"2026-07-15T05:34:26.665Z","userId":2}
{"level":"info","message":"Razorpay webhook foundation accessed","rawBodyBytes":28,"requestId":"REQ-000009","service":"payment-gateway-backend","signaturePresent":false,"timestamp":"2026-07-15T05:34:26.674Z"}
{"level":"info","message":"POST /api/v1/webhooks/razorpay 200 1.512 ms 187","service":"payment-gateway-backend","timestamp":"2026-07-15T05:34:26.675Z"}
